<?xml version="1.0" encoding="UTF-8"?>
<!-- Generated by org.testng.reporters.JUnitXMLReporter -->
<testsuite ignored="0" hostname="HP-Nidhi" failures="0" tests="6" name="Test" time="0.049" errors="0" timestamp="2022-01-25T17:31:09 MST">
  <testcase classname="qaclickacadmey.Mavenjava.SeleniumTest" name="browserAutomation" time="0.007"/>
  <testcase classname="qaclickacadmey.Mavenjava.SeleniumTest" name="elementsUI" time="0.001"/>
  <testcase classname="qaclickacadmey.Mavenjava.AppiumTest" name="IOSApps" time="0.001"/>
  <testcase classname="qaclickacadmey.Mavenjava.AppiumTest" name="nativeAPAndriod" time="0.001"/>
  <testcase classname="qaclickacadmey.Mavenjava.RestAPITest" name="deleteTwitter" time="0.001"/>
  <testcase classname="qaclickacadmey.Mavenjava.RestAPITest" name="postJIRA" time="0.0"/>
</testsuite> <!-- Test -->
